<?xml version="1.0" encoding="UTF-8"?>
<!-- Generated by org.testng.reporters.JUnitXMLReporter -->
<testsuite ignored="0" hostname="DESKTOP-L3UHEG5" failures="1" tests="1" name="Testwithchrome" time="11.998" errors="0" timestamp="2023-04-23T10:41:10 IST">
  <testcase classname="com.test.VerifyLogIn01" name="verifylogInWithValidCredential" time="0.793">
    <failure type="java.lang.AssertionError" message="expected [true] but found [false]">
      <![CDATA[java.lang.AssertionError: expected [true] but found [false]
at com.test.VerifyLogIn01.verifylogInWithValidCredential(VerifyLogIn01.java:21)
at java.base/java.util.ArrayList.forEach(ArrayList.java:1511)
... Removed 31 stack frames]]>
    </failure>
  </testcase> <!-- verifylogInWithValidCredential -->
</testsuite> <!-- Testwithchrome -->
